[2024-04-15 19:40:12] 管理员 1 (testAdmin) 登入系统
[2024-04-15 19:40:17] 管理员 1 (testAdmin) 删除学生:20230012
[2024-04-15 19:40:21] 管理员 1 (testAdmin) 修改学生:20230022
[2024-04-15 19:40:23] 管理员 1 (testAdmin) 退出系统
[2024-04-15 19:40:28] 学生 10000000 (佚名1) 登入系统
[2024-04-15 19:40:32] 学生 10000000 (佚名1) 修改学生10000000的密码
[2024-04-15 19:40:33] 学生 10000000 (佚名1) 退出系统
[2024-04-15 19:40:40] 教师 55239991 (teacher1) 登入系统
[2024-04-15 19:40:41] 教师 55239991 (teacher1) 退出系统
[2024-04-15 19:41:08] 管理员 55238881 (admin1) 登入系统
[2024-04-15 19:41:18] 管理员 55238881 (admin1) 退出系统
[2024-04-15 19:43:27] 管理员 1 (testAdmin) 登入系统
[2024-04-15 19:43:33] 管理员 12345678 (测试员1) 修改学生12345678的密码
[2024-04-15 19:43:40] 管理员 55239898 (teacher11) 修改教师55239898的密码
[2024-04-15 19:43:41] 管理员 1 (testAdmin) 退出系统
[2024-04-15 19:43:50] 学生 10000000 (佚名1) 登入系统
[2024-04-15 19:43:53] 学生 10000000 (佚名1) 修改学生10000000的密码
[2024-04-15 19:43:54] 学生 10000000 (佚名1) 退出系统
[2024-04-15 19:44:00] 教师 55239991 (teacher1) 登入系统
[2024-04-15 19:44:02] 教师 55239991 (teacher1) 修改教师55239991的密码
[2024-04-15 19:44:03] 教师 55239991 (teacher1) 退出系统
[2024-04-15 19:47:58] 管理员 1 (testAdmin) 登入系统
[2024-04-15 19:55:45] 管理员 1 (testAdmin) 登入系统
[2024-04-15 19:56:26] 管理员 1 (testAdmin) 登入系统
[2024-04-15 20:00:12] 管理员 1 (testAdmin) 登入系统
[2024-04-15 20:00:25] 管理员 1 (testAdmin) 退出系统
[2024-04-15 20:09:08] 管理员 1 (testAdmin) 登入系统
[2024-04-15 20:09:13] 管理员 1 (testAdmin) 导入课程信息
[2024-04-15 20:09:18] 管理员 1 (testAdmin) 删除课程:31103
[2024-04-15 20:09:21] 管理员 1 (testAdmin) 删除课程:10011
[2024-04-15 20:09:23] 管理员 1 (testAdmin) 删除课程:87788
[2024-04-15 20:09:27] 管理员 1 (testAdmin) 删除课程:10008
[2024-04-15 20:09:29] 管理员 1 (testAdmin) 删除课程:11111
[2024-04-15 20:09:32] 管理员 1 (testAdmin) 删除课程:10009
[2024-04-15 20:09:34] 管理员 1 (testAdmin) 删除课程:11111
[2024-04-15 20:09:48] 管理员 1 (testAdmin) 导入课程信息
[2024-04-15 20:09:58] 管理员 1 (testAdmin) 导入课程信息
[2024-04-15 20:11:14] 管理员 1 (testAdmin) 退出系统
[2024-04-15 20:11:55] 管理员 1 (testAdmin) 登入系统
[2024-04-15 20:14:00] 管理员 1 (testAdmin) 退出系统
[2024-04-15 20:21:05] 管理员 1 (testAdmin) 登入系统
[2024-04-15 20:22:11] 管理员 1 (testAdmin) 退出系统
[2024-04-15 20:22:22] 教师 55239991 (teacher1) 登入系统
[2024-04-15 20:23:38] 教师 55239991 (teacher1) 退出系统
[2024-04-15 20:24:25] 管理员 1 (testAdmin) 登入系统
[2024-04-15 20:24:31] 管理员 1 (testAdmin) 退出系统
[2024-04-15 20:24:43] 管理员 1 (testAdmin) 登入系统
[2024-04-15 20:25:04] 管理员 1 (testAdmin) 退出系统
[2024-04-15 20:25:50] 管理员 1 (testAdmin) 登入系统
[2024-04-15 20:26:17] 管理员 1 (testAdmin) 退出系统
[2024-04-15 20:26:25] 教师 55239991 (teacher1) 登入系统
[2024-04-15 20:26:40] 教师 55239991 (teacher1) 退出系统
[2024-04-15 20:27:14] 管理员 1 (testAdmin) 登入系统
[2024-04-15 20:27:43] 管理员 1 (testAdmin) 退出系统
[2024-04-15 20:31:39] 管理员 1 (testAdmin) 登入系统
[2024-04-15 20:31:57] 管理员 1 (testAdmin) 登入系统
[2024-04-15 20:32:58] 管理员 1 (testAdmin) 登入系统
[2024-04-15 20:33:14] 管理员 1 (testAdmin) 登入系统
[2024-04-15 20:33:26] 管理员 1 (testAdmin) 登入系统
[2024-04-15 20:34:10] 管理员 1 (testAdmin) 登入系统
[2024-04-15 20:34:21] 管理员 1 (testAdmin) 退出系统
[2024-04-15 20:34:46] 管理员 1 (testAdmin) 登入系统
[2024-04-15 20:35:11] 管理员 1 (testAdmin) 退出系统
[2024-04-15 20:35:47] 管理员 1 (testAdmin) 登入系统
[2024-04-15 20:36:06] 管理员 1 (testAdmin) 退出系统
[2024-04-15 20:36:16] 教师 55239991 (teacher1) 登入系统
[2024-04-15 20:36:33] 教师 55239991 (teacher1) 退出系统
[2024-04-15 20:36:36] 管理员 1 (testAdmin) 登入系统
[2024-04-15 20:37:32] 管理员 1 (testAdmin) 退出系统
[2024-04-15 20:42:37] 管理员 1 (testAdmin) 登入系统
[2024-04-15 20:42:38] 管理员 1 (testAdmin) 退出系统
[2024-04-15 20:46:41] 管理员 1 (testAdmin) 登入系统
[2024-04-15 20:46:47] 管理员 1 (testAdmin) 退出系统
[2024-04-15 20:51:10] 教师 55239991 (teacher1) 登入系统
[2024-04-15 20:51:27] 教师 55239991 (teacher1) 退出系统
[2024-04-15 20:56:32] 管理员 1 (testAdmin) 登入系统
[2024-04-15 21:02:37] 管理员 1 (testAdmin) 退出系统
[2024-04-15 21:21:49] 管理员 1 (testAdmin) 登入系统
[2024-04-15 21:21:53] 管理员 1 (testAdmin) 退出系统
[2024-04-15 21:22:02] 管理员 1 (testAdmin) 登入系统
[2024-04-15 21:22:05] 管理员 1 (testAdmin) 退出系统
[2024-04-15 21:22:16] 管理员 1 (testAdmin) 登入系统
[2024-04-15 21:22:20] 管理员 1 (testAdmin) 退出系统
[2024-04-15 21:22:34] 管理员 1 (testAdmin) 登入系统
[2024-04-15 21:22:39] 管理员 1 (testAdmin) 退出系统
[2024-04-15 21:22:45] 管理员 1 (testAdmin) 登入系统
[2024-04-15 21:22:49] 管理员 1 (testAdmin) 退出系统
[2024-04-15 21:22:51] 管理员 1 (testAdmin) 登入系统
[2024-04-15 21:22:59] 管理员 1 (testAdmin) 导入教师信息
[2024-04-15 21:23:01] 管理员 1 (testAdmin) 导出教师信息
[2024-04-15 21:23:13] 管理员 1 (testAdmin) 退出系统
[2024-04-15 21:37:43] 管理员 1 (testAdmin) 登入系统
[2024-04-15 21:37:45] 管理员 1 (testAdmin) 退出系统
[2024-04-15 21:38:47] 管理员 1 (testAdmin) 登入系统
[2024-04-15 21:39:53] 管理员 1 (testAdmin) 登入系统
[2024-04-15 21:40:21] 管理员 1 (testAdmin) 登入系统
[2024-04-15 21:41:09] 管理员 1 (testAdmin) 登入系统
[2024-04-15 21:44:24] 管理员 1 (testAdmin) 登入系统
[2024-04-15 21:44:28] 管理员 1 (testAdmin) 退出系统
[2024-04-15 21:45:59] 管理员 1 (testAdmin) 登入系统
[2024-04-15 21:46:35] 管理员 1 (testAdmin) 登入系统
[2024-04-15 21:51:10] 管理员 1 (testAdmin) 登入系统
[2024-04-15 21:51:32] 管理员 1 (testAdmin) 登入系统
[2024-04-15 21:53:36] 管理员 1 (testAdmin) 登入系统
[2024-04-15 21:54:14] 管理员 1 (testAdmin) 登入系统
[2024-04-15 21:54:21] 管理员 1 (testAdmin) 退出系统
[2024-04-15 21:56:07] 管理员 1 (testAdmin) 登入系统
[2024-04-15 21:56:25] 管理员 1 (testAdmin) 退出系统
[2024-04-15 21:56:54] 管理员 1 (testAdmin) 登入系统
[2024-04-15 21:57:09] 管理员 1 (testAdmin) 退出系统
[2024-04-15 21:57:36] 管理员 1 (testAdmin) 登入系统
[2024-04-15 21:57:50] 管理员 1 (testAdmin) 退出系统
[2024-04-15 22:00:53] 管理员 1 (testAdmin) 登入系统
[2024-04-15 22:00:56] 管理员 1 (testAdmin) 退出系统
[2024-04-15 22:01:16] 管理员 1 (testAdmin) 登入系统
[2024-04-15 22:01:21] 管理员 1 (testAdmin) 退出系统
[2024-04-15 22:01:33] 管理员 1 (testAdmin) 登入系统
[2024-04-15 22:02:25] 管理员 1 (testAdmin) 退出系统
[2024-04-15 22:05:23] 管理员 1 (testAdmin) 登入系统
[2024-04-15 22:05:42] 管理员 1 (testAdmin) 修改学生10000000的密码
[2024-04-15 22:05:44] 管理员 1 (testAdmin) 修改教师55239991的密码
[2024-04-15 22:05:51] 管理员 1 (testAdmin) 修改教师55239992的密码
[2024-04-15 22:06:03] 管理员 1 (testAdmin) 修改学生10000001的密码
[2024-04-15 22:06:24] 管理员 1 (testAdmin) 修改学生10000007的密码
[2024-04-15 22:06:50] 管理员 1 (testAdmin) 修改教师55239898的密码
[2024-04-15 22:07:23] 管理员 1 (testAdmin) 退出系统
[2024-04-15 22:07:40] 管理员 1 (testAdmin) 登入系统
[2024-04-15 22:08:10] 管理员 1 (testAdmin) 导入学生信息
[2024-04-15 22:08:13] 管理员 1 (testAdmin) 退出系统
[2024-04-15 22:08:18] 学生 10000001 (101) 登入系统
[2024-04-15 22:08:23] 学生 10000001 (101) 修改学生10000001的密码
[2024-04-15 22:08:24] 学生 10000001 (101) 退出系统
[2024-04-15 22:08:25] 管理员 1 (testAdmin) 登入系统
[2024-04-15 22:09:11] 管理员 1 (testAdmin) 退出系统
[2024-04-15 22:09:18] 管理员 1 (testAdmin) 登入系统
[2024-04-15 22:38:53] 管理员 1 (testAdmin) 登入系统
[2024-04-15 22:39:29] 管理员 1 (testAdmin) 退出系统
[2024-04-15 22:39:34] 管理员 1 (testAdmin) 登入系统
[2024-04-15 22:39:45] 管理员 1 (testAdmin) 退出系统
[2024-04-15 22:39:50] 管理员 1 (testAdmin) 登入系统
[2024-04-15 22:40:36] 管理员 1 (testAdmin) 登入系统
[2024-04-15 22:41:40] 管理员 1 (testAdmin) 登入系统
[2024-04-15 22:41:44] 管理员 1 (testAdmin) 退出系统
[2024-04-15 22:41:52] 管理员 1 (testAdmin) 登入系统
[2024-04-15 22:42:17] 管理员 1 (testAdmin) 登入系统
[2024-04-15 22:42:57] 管理员 1 (testAdmin) 登入系统
[2024-04-15 22:43:10] 管理员 1 (testAdmin) 退出系统
[2024-04-15 22:43:38] 管理员 1 (testAdmin) 登入系统
[2024-04-15 22:43:42] 管理员 1 (testAdmin) 退出系统
[2024-04-15 22:43:53] 管理员 1 (testAdmin) 登入系统
[2024-04-15 22:44:31] 管理员 1 (testAdmin) 退出系统
[2024-04-15 22:47:35] 管理员 1 (testAdmin) 登入系统
[2024-04-15 22:47:49] 管理员 1 (testAdmin) 导入学生信息
[2024-04-15 22:48:31] 管理员 1 (testAdmin) 导入学生信息
[2024-04-15 22:48:56] 管理员 1 (testAdmin) 导入学生信息
[2024-04-15 22:50:55] 管理员 1 (testAdmin) 导入课程信息
[2024-04-15 22:51:55] 管理员 1 (testAdmin) 导入课程信息
[2024-04-15 22:52:11] 管理员 1 (testAdmin) 退出系统
[2024-04-15 22:52:19] 管理员 1 (testAdmin) 登入系统
[2024-04-15 22:52:29] 管理员 1 (testAdmin) 退出系统
[2024-04-15 22:52:35] 学生 55230055 (只因阔) 登入系统
[2024-04-15 22:52:50] 学生 55230055 (只因阔) 修改学生55230055的密码
[2024-04-15 22:52:51] 学生 55230055 (只因阔) 退出系统
[2024-04-15 22:52:53] 管理员 1 (testAdmin) 登入系统
[2024-04-15 22:53:02] 管理员 1 (testAdmin) 退出系统
[2024-04-16 09:33:15] 管理员 1 (testAdmin) 登入系统
[2024-04-16 09:33:26] 管理员 1 (testAdmin) 退出系统
[2024-04-16 09:39:54] 管理员 1 (testAdmin) 登入系统
[2024-04-16 09:43:16] 管理员 1 (testAdmin) 登入系统
[2024-04-16 09:43:41] 管理员 1 (testAdmin) 登入系统
[2024-04-16 09:44:24] 管理员 1 (testAdmin) 登入系统
[2024-04-16 09:46:08] 管理员 1 (testAdmin) 登入系统
[2024-04-16 09:47:40] 管理员 1 (testAdmin) 登入系统
[2024-04-16 09:48:25] 管理员 1 (testAdmin) 登入系统
[2024-04-16 09:50:27] 管理员 1 (testAdmin) 登入系统
[2024-04-16 09:50:45] 管理员 1 (testAdmin) 退出系统
[2024-04-16 09:52:02] 管理员 1 (testAdmin) 登入系统
[2024-04-16 09:52:22] 管理员 1 (testAdmin) 退出系统
[2024-04-16 09:53:07] 管理员 1 (testAdmin) 登入系统
[2024-04-16 09:54:26] 管理员 1 (testAdmin) 登入系统
[2024-04-16 09:56:16] 管理员 1 (testAdmin) 登入系统
[2024-04-16 09:56:44] 管理员 1 (testAdmin) 登入系统
[2024-04-16 09:58:13] 管理员 1 (testAdmin) 登入系统
[2024-04-16 09:58:46] 管理员 1 (testAdmin) 登入系统
[2024-04-16 10:00:02] 管理员 1 (testAdmin) 登入系统
[2024-04-16 10:01:45] 管理员 1 (testAdmin) 登入系统
[2024-04-16 10:02:17] 管理员 1 (testAdmin) 退出系统
[2024-04-16 10:02:50] 管理员 1 (testAdmin) 登入系统
[2024-04-16 11:42:39] 管理员 1 (testAdmin) 登入系统
[2024-04-16 11:43:01] 管理员 1 (testAdmin) 退出系统
[2024-04-16 11:43:38] 管理员 1 (testAdmin) 登入系统
[2024-04-16 11:43:53] 管理员 1 (testAdmin) 退出系统
[2024-04-16 11:44:07] 管理员 1 (testAdmin) 登入系统
[2024-04-16 11:44:18] 管理员 1 (testAdmin) 退出系统
[2024-04-16 11:45:07] 管理员 1 (testAdmin) 登入系统
[2024-04-16 11:45:15] 管理员 1 (testAdmin) 退出系统
[2024-04-16 11:50:02] 管理员 1 (testAdmin) 登入系统
[2024-04-16 11:50:23] 管理员 1 (testAdmin) 退出系统
[2024-04-16 11:54:04] 管理员 1 (testAdmin) 登入系统
[2024-04-16 11:54:16] 管理员 1 (testAdmin) 退出系统
[2024-04-16 11:54:47] 管理员 1 (testAdmin) 登入系统
[2024-04-16 11:56:22] 管理员 1 (testAdmin) 登入系统
[2024-04-16 11:57:16] 管理员 1 (testAdmin) 登入系统
[2024-04-16 12:01:09] 管理员 1 (testAdmin) 登入系统
[2024-04-16 12:01:20] 管理员 1 (testAdmin) 退出系统
[2024-04-16 12:02:10] 管理员 1 (testAdmin) 登入系统
[2024-04-16 12:02:49] 管理员 1 (testAdmin) 退出系统
[2024-04-16 12:03:24] 管理员 1 (testAdmin) 登入系统
[2024-04-16 12:03:45] 管理员 1 (testAdmin) 退出系统
[2024-04-16 12:17:10] 管理员 1 (testAdmin) 登入系统
[2024-04-16 12:17:47] 管理员 1 (testAdmin) 修改学生:55230055的专业信息
[2024-04-16 12:18:02] 管理员 1 (testAdmin) 退出系统
[2024-04-16 12:20:52] 管理员 1 (testAdmin) 登入系统
[2024-04-16 12:26:14] 管理员 1 (testAdmin) 登入系统
[2024-04-16 12:26:27] 管理员 1 (testAdmin) 退出系统
[2024-04-16 12:36:12] 管理员 1 (testAdmin) 登入系统
[2024-04-16 12:37:36] 管理员 1 (testAdmin) 登入系统
[2024-04-16 12:39:10] 管理员 1 (testAdmin) 登入系统
[2024-04-16 12:40:19] 管理员 1 (testAdmin) 登入系统
[2024-04-16 12:40:36] 管理员 1 (testAdmin) 退出系统
[2024-04-16 12:40:47] 管理员 1 (testAdmin) 登入系统
[2024-04-16 12:41:07] 管理员 1 (testAdmin) 退出系统
[2024-04-16 12:42:43] 管理员 1 (testAdmin) 登入系统
[2024-04-16 12:47:11] 管理员 1 (testAdmin) 登入系统
[2024-04-16 12:47:21] 管理员 1 (testAdmin) 退出系统
[2024-04-16 12:47:28] 管理员 1 (testAdmin) 登入系统
[2024-04-16 12:47:38] 管理员 1 (testAdmin) 退出系统
[2024-04-16 14:05:32] 管理员 1 (testAdmin) 登入系统
[2024-04-16 14:05:46] 管理员 1 (testAdmin) 登入系统
[2024-04-16 14:07:03] 管理员 1 (testAdmin) 退出系统
[2024-04-16 14:07:45] 管理员 1 (testAdmin) 登入系统
[2024-04-16 14:08:02] 管理员 1 (testAdmin) 登入系统
[2024-04-16 14:08:11] 管理员 1 (testAdmin) 登入系统
[2024-04-16 14:09:57] 管理员 1 (testAdmin) 登入系统
[2024-04-16 14:11:04] 管理员 1 (testAdmin) 登入系统
[2024-04-16 14:11:25] 管理员 1 (testAdmin) 登入系统
[2024-04-16 14:12:17] 管理员 1 (testAdmin) 登入系统
[2024-04-16 14:12:48] 管理员 1 (testAdmin) 登入系统
[2024-04-16 14:12:53] 管理员 1 (testAdmin) 退出系统
[2024-04-16 14:13:21] 管理员 1 (testAdmin) 登入系统
[2024-04-16 14:14:38] 管理员 1 (testAdmin) 登入系统
[2024-04-16 14:16:00] 管理员 1 (testAdmin) 登入系统
[2024-04-16 14:17:26] 管理员 1 (testAdmin) 退出系统
[2024-04-16 14:17:30] 管理员 1 (testAdmin) 登入系统
[2024-04-16 14:17:39] 管理员 1 (testAdmin) 导入课程信息
[2024-04-16 14:18:12] 管理员 1 (testAdmin) 为学生:55230055  添加课程:29404
[2024-04-16 14:18:44] 管理员 1 (testAdmin) 登入系统
[2024-04-16 14:19:21] 管理员 1 (testAdmin) 登入系统
[2024-04-16 14:19:33] 管理员 1 (testAdmin) 退出系统
[2024-04-16 14:19:41] 学生 55230055 (只因阔) 登入系统
[2024-04-16 14:20:04] 学生 55230055 (只因阔) 退出系统
[2024-04-16 14:20:07] 管理员 1 (testAdmin) 登入系统
[2024-04-16 14:20:19] 学生 55230055 (只因阔) 登入系统
[2024-04-16 14:20:24] 学生 55230055 (只因阔) 退出系统
[2024-04-16 14:20:26] 管理员 1 (testAdmin) 登入系统
[2024-04-16 14:21:41] 管理员 1 (testAdmin) 登入系统
[2024-04-16 14:22:05] 管理员 1 (testAdmin) 登入系统
[2024-04-16 14:22:13] 管理员 1 (testAdmin) 登入系统
[2024-04-16 14:23:34] 管理员 1 (testAdmin) 登入系统
[2024-04-16 14:23:58] 管理员 1 (testAdmin) 登入系统
[2024-04-16 14:24:46] 管理员 1 (testAdmin) 登入系统
[2024-04-16 14:28:23] 管理员 1 (testAdmin) 登入系统
[2024-04-16 14:29:18] 管理员 1 (testAdmin) 登入系统
[2024-04-16 14:30:22] 管理员 1 (testAdmin) 登入系统
[2024-04-16 14:33:09] 管理员 1 (testAdmin) 登入系统
[2024-04-16 14:33:18] 管理员 1 (testAdmin) 退出系统
[2024-04-16 14:36:35] 管理员 1 (testAdmin) 登入系统
[2024-04-16 14:37:24] 管理员 1 (testAdmin) 登入系统
[2024-04-16 14:37:27] 管理员 1 (testAdmin) 退出系统
[2024-04-16 14:37:30] 管理员 1 (testAdmin) 登入系统
[2024-04-16 14:37:50] 管理员 1 (testAdmin) 退出系统
[2024-04-16 14:38:03] 管理员 1 (testAdmin) 登入系统
[2024-04-16 14:38:49] 管理员 1 (testAdmin) 登入系统
[2024-04-16 14:39:06] 管理员 1 (testAdmin) 退出系统
[2024-04-16 14:39:09] 管理员 1 (testAdmin) 登入系统
[2024-04-16 14:39:11] 管理员 1 (testAdmin) 退出系统
[2024-04-16 14:40:21] 管理员 1 (testAdmin) 登入系统
[2024-04-16 14:40:23] 管理员 1 (testAdmin) 退出系统
[2024-04-16 14:40:27] 管理员 1 (testAdmin) 登入系统
[2024-04-16 14:40:30] 管理员 1 (testAdmin) 退出系统
[2024-04-16 14:40:33] 管理员 1 (testAdmin) 登入系统
[2024-04-16 14:40:35] 管理员 1 (testAdmin) 退出系统
[2024-04-16 14:40:38] 管理员 1 (testAdmin) 登入系统
[2024-04-16 14:40:39] 管理员 1 (testAdmin) 退出系统
[2024-04-16 14:41:51] 管理员 1 (testAdmin) 登入系统
[2024-04-16 14:45:19] 管理员 1 (testAdmin) 为学生:55230055  添加课程:53637
[2024-04-16 14:46:35] 管理员 1 (testAdmin) 登入系统
[2024-04-16 14:47:28] 管理员 1 (testAdmin) 为学生:55230055  添加课程:53637
[2024-04-16 14:51:22] 管理员 1 (testAdmin) 登入系统
[2024-04-16 14:51:30] 管理员 1 (testAdmin) 退出系统
[2024-04-16 14:54:20] 管理员 1 (testAdmin) 登入系统
[2024-04-16 14:54:55] 管理员 1 (testAdmin) 退出系统
[2024-04-16 14:58:42] 管理员 1 (testAdmin) 登入系统
[2024-04-16 14:59:08] 管理员 1 (testAdmin) 退出系统
[2024-04-16 14:59:29] 管理员 1 (testAdmin) 登入系统
[2024-04-16 14:59:42] 管理员 1 (testAdmin) 退出系统
[2024-04-16 14:59:52] 管理员 1 (testAdmin) 登入系统
[2024-04-16 15:00:21] 管理员 1 (testAdmin) 退出系统
[2024-04-16 15:03:08] 管理员 1 (testAdmin) 登入系统
[2024-04-16 15:03:21] 管理员 1 (testAdmin) 退出系统
[2024-04-16 15:06:16] 管理员 1 (testAdmin) 登入系统
[2024-04-16 15:06:25] 管理员 1 (testAdmin) 退出系统
[2024-04-16 15:06:27] 管理员 1 (testAdmin) 登入系统
[2024-04-16 15:06:39] 管理员 1 (testAdmin) 退出系统
[2024-04-16 15:08:56] 管理员 1 (testAdmin) 登入系统
[2024-04-16 15:08:58] 管理员 1 (testAdmin) 退出系统
[2024-04-16 15:09:22] 管理员 1 (testAdmin) 登入系统
[2024-04-16 15:09:26] 管理员 1 (testAdmin) 退出系统
[2024-04-16 15:11:39] 管理员 1 (testAdmin) 登入系统
[2024-04-16 15:11:59] 管理员 1 (testAdmin) 退出系统
[2024-04-16 15:14:01] 教师 55239993 (teacher3) 登入系统
[2024-04-16 15:14:13] 教师 55239993 (teacher3) 退出系统
[2024-04-16 15:15:04] 教师 55239993 (teacher3) 登入系统
[2024-04-16 15:15:08] 教师 55239993 (teacher3) 退出系统
[2024-04-16 15:15:10] 管理员 1 (testAdmin) 登入系统
[2024-04-16 15:15:20] 管理员 1 (testAdmin) 退出系统
[2024-04-16 15:17:29] 管理员 1 (testAdmin) 登入系统
[2024-04-16 15:17:38] 管理员 1 (testAdmin) 修改学生55230006的密码
[2024-04-16 15:17:40] 管理员 1 (testAdmin) 修改教师55239998的密码
[2024-04-16 15:17:43] 管理员 1 (testAdmin) 退出系统
[2024-04-16 17:15:33] 管理员 1 (testAdmin) 登入系统
[2024-04-16 17:15:46] 管理员 1 (testAdmin) 退出系统
[2024-04-16 17:15:59] 管理员 1 (testAdmin) 登入系统
[2024-04-16 17:16:43] 管理员 1 (testAdmin) 修改学生:55230055
[2024-04-16 17:17:07] 管理员 1 (testAdmin) 退出系统
[2024-04-16 17:20:29] 管理员 1 (testAdmin) 登入系统
[2024-04-16 17:20:30] 管理员 1 (testAdmin) 退出系统
